#
# There is insufficient memory for the Java Runtime Environment to continue.
# Native memory allocation (malloc) failed to allocate 778896 bytes for Chunk::new
# Possible reasons:
#   The system is out of physical RAM or swap space
#   The process is running with CompressedOops enabled, and the Java Heap may be blocking the growth of the native heap
# Possible solutions:
#   Reduce memory load on the system
#   Increase physical memory or swap space
#   Check if swap backing store is full
#   Decrease Java heap size (-Xmx/-Xms)
#   Decrease number of Java threads
#   Decrease Java thread stack sizes (-Xss)
#   Set larger code cache with -XX:ReservedCodeCacheSize=
#   JVM is running with Unscaled Compressed Oops mode in which the Java heap is
#     placed in the first 4GB address space. The Java Heap base address is the
#     maximum limit for the native heap growth. Please use -XX:HeapBaseMinAddress
#     to set the Java Heap base and to place the Java Heap above 4GB virtual address.
# This output file may be truncated or incomplete.
#
#  Out of Memory Error (./open/src/hotspot/share/memory/arena.cpp:197), pid=7660, tid=8776
#
# JRE version: Java(TM) SE Runtime Environment 18.9 (11.0.12+8) (build 11.0.12+8-LTS-237)
# Java VM: Java HotSpot(TM) 64-Bit Server VM 18.9 (11.0.12+8-LTS-237, mixed mode, tiered, compressed oops, g1 gc, windows-amd64)
# No core dump will be written. Minidumps are not enabled by default on client versions of Windows
#

---------------  S U M M A R Y ------------

Command Line: -ea -Didea.test.cyclic.buffer.size=1048576 -javaagent:C:\Users\Christy\Downloads\intellijidea2\IntelliJ IDEA Community Edition 2021.2.2\lib\idea_rt.jar=58313:C:\Users\Christy\Downloads\intellijidea2\IntelliJ IDEA Community Edition 2021.2.2\bin -Dfile.encoding=UTF-8 com.intellij.rt.testng.RemoteTestNGStarter -usedefaultlisteners false -socket58312 @w@C:\Users\Christy\AppData\Local\Temp\idea_working_dirs_testng.tmp -temp C:\Users\Christy\AppData\Local\Temp\idea_testng.tmp

Host: Intel(R) Pentium(R) CPU 5405U @ 2.30GHz, 4 cores, 3G,  Windows 10 , 64 bit Build 18362 (10.0.18362.1500)
Time: Tue Sep 28 17:42:17 2021 GMT Summer Time elapsed time: 3.124286 seconds (0d 0h 0m 3s)

---------------  T H R E A D  ---------------

Current thread (0x000001f69bb68800):  JavaThread "C2 CompilerThread0" daemon [_thread_in_native, id=8776, stack(0x000000a76a000000,0x000000a76a100000)]


Current CompileTask:
C2:   3124 1488       4       org.codehaus.groovy.reflection.CachedMethod::compareTo (25 bytes)

Stack: [0x000000a76a000000,0x000000a76a100000]
Native frames: (J=compiled Java code, j=interpreted, Vv=VM code, C=native code)
V  [jvm.dll+0x617d9a]
V  [jvm.dll+0x74eeef]
V  [jvm.dll+0x750599]
V  [jvm.dll+0x750c23]
V  [jvm.dll+0x2438d8]
V  [jvm.dll+0xba6dc]
V  [jvm.dll+0xbac9c]
V  [jvm.dll+0x2b4564]
V  [jvm.dll+0x52cc86]
V  [jvm.dll+0x20515d]
V  [jvm.dll+0x1ff15a]
V  [jvm.dll+0x1fc1ca]
V  [jvm.dll+0x17f18c]
V  [jvm.dll+0x20b87c]
V  [jvm.dll+0x20997b]
V  [jvm.dll+0x716359]
V  [jvm.dll+0x70f064]
V  [jvm.dll+0x616f66]
C  [ucrtbase.dll+0x210b2]
C  [KERNEL32.DLL+0x17c24]
C  [ntdll.dll+0x6d721]


---------------  P R O C E S S  ---------------

Threads class SMR info:
_java_thread_list=0x000001f69d05b370, length=12, elements={
0x000001f6ffcd0000, 0x000001f69bb07800, 0x000001f69bb08800, 0x000001f69bb60800,
0x000001f69bb61800, 0x000001f69bb64800, 0x000001f69bb68800, 0x000001f69bb71800,
0x000001f69c4cf000, 0x000001f69c5e2000, 0x000001f69c816800, 0x000001f69da02000
}

Java Threads: ( => current thread )
  0x000001f6ffcd0000 JavaThread "main" [_thread_in_Java, id=1616, stack(0x000000a769400000,0x000000a769500000)]
  0x000001f69bb07800 JavaThread "Reference Handler" daemon [_thread_blocked, id=1264, stack(0x000000a769b00000,0x000000a769c00000)]
  0x000001f69bb08800 JavaThread "Finalizer" daemon [_thread_blocked, id=4816, stack(0x000000a769c00000,0x000000a769d00000)]
  0x000001f69bb60800 JavaThread "Signal Dispatcher" daemon [_thread_blocked, id=14104, stack(0x000000a769d00000,0x000000a769e00000)]
  0x000001f69bb61800 JavaThread "Attach Listener" daemon [_thread_blocked, id=12360, stack(0x000000a769e00000,0x000000a769f00000)]
  0x000001f69bb64800 JavaThread "Service Thread" daemon [_thread_blocked, id=3468, stack(0x000000a769f00000,0x000000a76a000000)]
=>0x000001f69bb68800 JavaThread "C2 CompilerThread0" daemon [_thread_in_native, id=8776, stack(0x000000a76a000000,0x000000a76a100000)]
  0x000001f69bb71800 JavaThread "C1 CompilerThread0" daemon [_thread_in_native, id=9096, stack(0x000000a76a100000,0x000000a76a200000)]
  0x000001f69c4cf000 JavaThread "Sweeper thread" daemon [_thread_blocked, id=3904, stack(0x000000a76a200000,0x000000a76a300000)]
  0x000001f69c5e2000 JavaThread "Common-Cleaner" daemon [_thread_blocked, id=1360, stack(0x000000a76a300000,0x000000a76a400000)]
  0x000001f69c816800 JavaThread "Monitor Ctrl-Break" daemon [_thread_in_native, id=9040, stack(0x000000a76a400000,0x000000a76a500000)]
  0x000001f69da02000 JavaThread "C2 CompilerThread1" daemon [_thread_in_native, id=8224, stack(0x000000a76a700000,0x000000a76a800000)]

Other Threads:
  0x000001f69badf800 VMThread "VM Thread" [stack: 0x000000a769a00000,0x000000a769b00000] [id=10132]
  0x000001f69c81c800 WatcherThread [stack: 0x000000a76a500000,0x000000a76a600000] [id=9652]
  0x000001f6ffce6000 GCTaskThread "GC Thread#0" [stack: 0x000000a769500000,0x000000a769600000] [id=11868]
  0x000001f69cf14000 GCTaskThread "GC Thread#1" [stack: 0x000000a76a600000,0x000000a76a700000] [id=13476]
  0x000001f6ffcff000 ConcurrentGCThread "G1 Main Marker" [stack: 0x000000a769600000,0x000000a769700000] [id=8048]
  0x000001f6ffd00800 ConcurrentGCThread "G1 Conc#0" [stack: 0x000000a769700000,0x000000a769800000] [id=9784]
  0x000001f6ffd48000 ConcurrentGCThread "G1 Refine#0" [stack: 0x000000a769800000,0x000000a769900000] [id=3312]
  0x000001f6ffd49000 ConcurrentGCThread "G1 Young RemSet Sampling" [stack: 0x000000a769900000,0x000000a769a00000] [id=12728]

Threads with active compile tasks:
C2 CompilerThread0   3171 1488       4       org.codehaus.groovy.reflection.CachedMethod::compareTo (25 bytes)
C1 CompilerThread0   3171 1599   !   3       com.sun.beans.introspect.PropertyInfo::initialize (374 bytes)
C2 CompilerThread1   3171 1491       4       org.codehaus.groovy.reflection.CachedMethod::compareToCachedMethod (160 bytes)

VM state:not at safepoint (normal execution)

VM Mutex/Monitor currently owned by a thread: None

Heap address: 0x00000000c2e00000, size: 978 MB, Compressed Oops mode: 32-bit
Narrow klass base: 0x0000000000000000, Narrow klass shift: 3
Compressed class space size: 1073741824 Address: 0x0000000100000000

Heap:
 garbage-first heap   total 63488K, used 20698K [0x00000000c2e00000, 0x0000000100000000)
  region size 1024K, 16 young (16384K), 2 survivors (2048K)
 Metaspace       used 18502K, capacity 18836K, committed 19072K, reserved 1067008K
  class space    used 1813K, capacity 1898K, committed 1920K, reserved 1048576K
Heap Regions: E=young(eden), S=young(survivor), O=old, HS=humongous(starts), HC=humongous(continues), CS=collection set, F=free, A=archive, TAMS=top-at-mark-start (previous, next)
|   0|0x00000000c2e00000, 0x00000000c2f00000, 0x00000000c2f00000|100%| O|  |TAMS 0x00000000c2e00000, 0x00000000c2e00000| Untracked 
|   1|0x00000000c2f00000, 0x00000000c3000000, 0x00000000c3000000|100%| O|  |TAMS 0x00000000c2f00000, 0x00000000c2f00000| Untracked 
|   2|0x00000000c3000000, 0x00000000c3100000, 0x00000000c3100000|100%| O|  |TAMS 0x00000000c3000000, 0x00000000c3000000| Untracked 
|   3|0x00000000c3100000, 0x00000000c3200000, 0x00000000c3200000|100%| O|  |TAMS 0x00000000c3100000, 0x00000000c3100000| Untracked 
|   4|0x00000000c3200000, 0x00000000c3300000, 0x00000000c3300000|100%|HS|  |TAMS 0x00000000c3200000, 0x00000000c3200000| Complete 
|   5|0x00000000c3300000, 0x00000000c3400000, 0x00000000c3400000|100%|HS|  |TAMS 0x00000000c3300000, 0x00000000c3300000| Complete 
|   6|0x00000000c3400000, 0x00000000c3500000, 0x00000000c3500000|100%|HC|  |TAMS 0x00000000c3400000, 0x00000000c3400000| Complete 
|   7|0x00000000c3500000, 0x00000000c3500000, 0x00000000c3600000|  0%| F|  |TAMS 0x00000000c3500000, 0x00000000c3500000| Untracked 
|   8|0x00000000c3600000, 0x00000000c3600000, 0x00000000c3700000|  0%| F|  |TAMS 0x00000000c3600000, 0x00000000c3600000| Untracked 
|   9|0x00000000c3700000, 0x00000000c3700000, 0x00000000c3800000|  0%| F|  |TAMS 0x00000000c3700000, 0x00000000c3700000| Untracked 
|  10|0x00000000c3800000, 0x00000000c3800000, 0x00000000c3900000|  0%| F|  |TAMS 0x00000000c3800000, 0x00000000c3800000| Untracked 
|  11|0x00000000c3900000, 0x00000000c3900000, 0x00000000c3a00000|  0%| F|  |TAMS 0x00000000c3900000, 0x00000000c3900000| Untracked 
|  12|0x00000000c3a00000, 0x00000000c3a00000, 0x00000000c3b00000|  0%| F|  |TAMS 0x00000000c3a00000, 0x00000000c3a00000| Untracked 
|  13|0x00000000c3b00000, 0x00000000c3b00000, 0x00000000c3c00000|  0%| F|  |TAMS 0x00000000c3b00000, 0x00000000c3b00000| Untracked 
|  14|0x00000000c3c00000, 0x00000000c3c00000, 0x00000000c3d00000|  0%| F|  |TAMS 0x00000000c3c00000, 0x00000000c3c00000| Untracked 
|  15|0x00000000c3d00000, 0x00000000c3d00000, 0x00000000c3e00000|  0%| F|  |TAMS 0x00000000c3d00000, 0x00000000c3d00000| Untracked 
|  16|0x00000000c3e00000, 0x00000000c3e00000, 0x00000000c3f00000|  0%| F|  |TAMS 0x00000000c3e00000, 0x00000000c3e00000| Untracked 
|  17|0x00000000c3f00000, 0x00000000c3f00000, 0x00000000c4000000|  0%| F|  |TAMS 0x00000000c3f00000, 0x00000000c3f00000| Untracked 
|  18|0x00000000c4000000, 0x00000000c4000000, 0x00000000c4100000|  0%| F|  |TAMS 0x00000000c4000000, 0x00000000c4000000| Untracked 
|  19|0x00000000c4100000, 0x00000000c4100000, 0x00000000c4200000|  0%| F|  |TAMS 0x00000000c4100000, 0x00000000c4100000| Untracked 
|  20|0x00000000c4200000, 0x00000000c4200000, 0x00000000c4300000|  0%| F|  |TAMS 0x00000000c4200000, 0x00000000c4200000| Untracked 
|  21|0x00000000c4300000, 0x00000000c4300000, 0x00000000c4400000|  0%| F|  |TAMS 0x00000000c4300000, 0x00000000c4300000| Untracked 
|  22|0x00000000c4400000, 0x00000000c4400000, 0x00000000c4500000|  0%| F|  |TAMS 0x00000000c4400000, 0x00000000c4400000| Untracked 
|  23|0x00000000c4500000, 0x00000000c4500000, 0x00000000c4600000|  0%| F|  |TAMS 0x00000000c4500000, 0x00000000c4500000| Untracked 
|  24|0x00000000c4600000, 0x00000000c4600000, 0x00000000c4700000|  0%| F|  |TAMS 0x00000000c4600000, 0x00000000c4600000| Untracked 
|  25|0x00000000c4700000, 0x00000000c4700000, 0x00000000c4800000|  0%| F|  |TAMS 0x00000000c4700000, 0x00000000c4700000| Untracked 
|  26|0x00000000c4800000, 0x00000000c4800000, 0x00000000c4900000|  0%| F|  |TAMS 0x00000000c4800000, 0x00000000c4800000| Untracked 
|  27|0x00000000c4900000, 0x00000000c4900000, 0x00000000c4a00000|  0%| F|  |TAMS 0x00000000c4900000, 0x00000000c4900000| Untracked 
|  28|0x00000000c4a00000, 0x00000000c4a00000, 0x00000000c4b00000|  0%| F|  |TAMS 0x00000000c4a00000, 0x00000000c4a00000| Untracked 
|  29|0x00000000c4b00000, 0x00000000c4b00000, 0x00000000c4c00000|  0%| F|  |TAMS 0x00000000c4b00000, 0x00000000c4b00000| Untracked 
|  30|0x00000000c4c00000, 0x00000000c4c00000, 0x00000000c4d00000|  0%| F|  |TAMS 0x00000000c4c00000, 0x00000000c4c00000| Untracked 
|  31|0x00000000c4d00000, 0x00000000c4d00000, 0x00000000c4e00000|  0%| F|  |TAMS 0x00000000c4d00000, 0x00000000c4d00000| Untracked 
|  32|0x00000000c4e00000, 0x00000000c4e00000, 0x00000000c4f00000|  0%| F|  |TAMS 0x00000000c4e00000, 0x00000000c4e00000| Untracked 
|  33|0x00000000c4f00000, 0x00000000c4f00000, 0x00000000c5000000|  0%| F|  |TAMS 0x00000000c4f00000, 0x00000000c4f00000| Untracked 
|  34|0x00000000c5000000, 0x00000000c5000000, 0x00000000c5100000|  0%| F|  |TAMS 0x00000000c5000000, 0x00000000c5000000| Untracked 
|  35|0x00000000c5100000, 0x00000000c5100000, 0x00000000c5200000|  0%| F|  |TAMS 0x00000000c5100000, 0x00000000c5100000| Untracked 
|  36|0x00000000c5200000, 0x00000000c5200000, 0x00000000c5300000|  0%| F|  |TAMS 0x00000000c5200000, 0x00000000c5200000| Untracked 
|  37|0x00000000c5300000, 0x00000000c5300000, 0x00000000c5400000|  0%| F|  |TAMS 0x00000000c5300000, 0x00000000c5300000| Untracked 
|  38|0x00000000c5400000, 0x00000000c5400000, 0x00000000c5500000|  0%| F|  |TAMS 0x00000000c5400000, 0x00000000c5400000| Untracked 
|  39|0x00000000c5500000, 0x00000000c5500000, 0x00000000c5600000|  0%| F|  |TAMS 0x00000000c5500000, 0x00000000c5500000| Untracked 
|  40|0x00000000c5600000, 0x00000000c5600000, 0x00000000c5700000|  0%| F|  |TAMS 0x00000000c5600000, 0x00000000c5600000| Untracked 
|  41|0x00000000c5700000, 0x00000000c5700000, 0x00000000c5800000|  0%| F|  |TAMS 0x00000000c5700000, 0x00000000c5700000| Untracked 
|  42|0x00000000c5800000, 0x00000000c5800000, 0x00000000c5900000|  0%| F|  |TAMS 0x00000000c5800000, 0x00000000c5800000| Untracked 
|  43|0x00000000c5900000, 0x00000000c5900000, 0x00000000c5a00000|  0%| F|  |TAMS 0x00000000c5900000, 0x00000000c5900000| Untracked 
|  44|0x00000000c5a00000, 0x00000000c5a00000, 0x00000000c5b00000|  0%| F|  |TAMS 0x00000000c5a00000, 0x00000000c5a00000| Untracked 
|  45|0x00000000c5b00000, 0x00000000c5b00000, 0x00000000c5c00000|  0%| F|  |TAMS 0x00000000c5b00000, 0x00000000c5b00000| Untracked 
|  46|0x00000000c5c00000, 0x00000000c5cd6f60, 0x00000000c5d00000| 83%| E|  |TAMS 0x00000000c5c00000, 0x00000000c5c00000| Complete 
|  47|0x00000000c5d00000, 0x00000000c5e00000, 0x00000000c5e00000|100%| E|CS|TAMS 0x00000000c5d00000, 0x00000000c5d00000| Complete 
|  48|0x00000000c5e00000, 0x00000000c5f00000, 0x00000000c5f00000|100%| E|CS|TAMS 0x00000000c5e00000, 0x00000000c5e00000| Complete 
|  49|0x00000000c5f00000, 0x00000000c6000000, 0x00000000c6000000|100%| E|CS|TAMS 0x00000000c5f00000, 0x00000000c5f00000| Complete 
|  50|0x00000000c6000000, 0x00000000c6100000, 0x00000000c6100000|100%| E|CS|TAMS 0x00000000c6000000, 0x00000000c6000000| Complete 
|  51|0x00000000c6100000, 0x00000000c61368e0, 0x00000000c6200000| 21%| S|CS|TAMS 0x00000000c6100000, 0x00000000c6100000| Complete 
|  52|0x00000000c6200000, 0x00000000c6300000, 0x00000000c6300000|100%| S|CS|TAMS 0x00000000c6200000, 0x00000000c6200000| Complete 
|  53|0x00000000c6300000, 0x00000000c6400000, 0x00000000c6400000|100%| E|CS|TAMS 0x00000000c6300000, 0x00000000c6300000| Complete 
|  54|0x00000000c6400000, 0x00000000c6500000, 0x00000000c6500000|100%| E|CS|TAMS 0x00000000c6400000, 0x00000000c6400000| Complete 
|  55|0x00000000c6500000, 0x00000000c6600000, 0x00000000c6600000|100%| E|CS|TAMS 0x00000000c6500000, 0x00000000c6500000| Complete 
|  56|0x00000000c6600000, 0x00000000c6700000, 0x00000000c6700000|100%| E|CS|TAMS 0x00000000c6600000, 0x00000000c6600000| Complete 
|  57|0x00000000c6700000, 0x00000000c6800000, 0x00000000c6800000|100%| E|  |TAMS 0x00000000c6700000, 0x00000000c6700000| Complete 
|  58|0x00000000c6800000, 0x00000000c6900000, 0x00000000c6900000|100%| E|CS|TAMS 0x00000000c6800000, 0x00000000c6800000| Complete 
|  59|0x00000000c6900000, 0x00000000c6a00000, 0x00000000c6a00000|100%| E|CS|TAMS 0x00000000c6900000, 0x00000000c6900000| Complete 
|  60|0x00000000c6a00000, 0x00000000c6b00000, 0x00000000c6b00000|100%| E|CS|TAMS 0x00000000c6a00000, 0x00000000c6a00000| Complete 
|  61|0x00000000c6b00000, 0x00000000c6c00000, 0x00000000c6c00000|100%| E|CS|TAMS 0x00000000c6b00000, 0x00000000c6b00000| Complete 

Card table byte_map: [0x000001f6973e0000,0x000001f6975d0000] _byte_map_base: 0x000001f696dc9000

Marking Bits (Prev, Next): (CMBitMap*) 0x000001f6ffcfa3f8, (CMBitMap*) 0x000001f6ffcfa430
 Prev Bits: [0x000001f6977c0000, 0x000001f698708000)
 Next Bits: [0x000001f698710000, 0x000001f699658000)

Polling page: 0x000001f6fdaf0000

Metaspace:

Usage:
  Non-class:     16.54 MB capacity,    16.30 MB ( 99%) used,   224.59 KB (  1%) free+waste,    26.88 KB ( <1%) overhead. 
      Class:      1.86 MB capacity,     1.77 MB ( 96%) used,    73.22 KB (  4%) free+waste,    11.94 KB ( <1%) overhead. 
       Both:     18.40 MB capacity,    18.07 MB ( 98%) used,   297.80 KB (  2%) free+waste,    38.81 KB ( <1%) overhead. 

Virtual space:
  Non-class space:       18.00 MB reserved,      16.75 MB ( 93%) committed 
      Class space:        1.00 GB reserved,       1.88 MB ( <1%) committed 
             Both:        1.02 GB reserved,      18.63 MB (  2%) committed 

Chunk freelists:
   Non-Class:  2.25 KB
       Class:  0 bytes
        Both:  2.25 KB

CodeHeap 'non-profiled nmethods': size=120064Kb used=464Kb max_used=464Kb free=119599Kb
 bounds [0x000001f68fea0000, 0x000001f690110000, 0x000001f6973e0000]
CodeHeap 'profiled nmethods': size=120000Kb used=3070Kb max_used=3070Kb free=116929Kb
 bounds [0x000001f688970000, 0x000001f688c70000, 0x000001f68fea0000]
CodeHeap 'non-nmethods': size=5696Kb used=2122Kb max_used=2138Kb free=3573Kb
 bounds [0x000001f6883e0000, 0x000001f688650000, 0x000001f688970000]
 total_blobs=2249 nmethods=1591 adapters=571
 compilation: enabled
              stopped_count=0, restarted_count=0
 full_count=0

Compilation events (10 events):
Event: 3.118 Thread 0x000001f69bb71800 1567  s    3       java.lang.StringBuffer::append (13 bytes)
Event: 3.118 Thread 0x000001f69bb71800 nmethod 1567 0x000001f688c5c810 code [0x000001f688c5c9c0, 0x000001f688c5cc88]
Event: 3.118 Thread 0x000001f69bb71800 1566       1       java.lang.AbstractStringBuilder::length (5 bytes)
Event: 3.118 Thread 0x000001f69bb71800 nmethod 1566 0x000001f68ff13990 code [0x000001f68ff13b20, 0x000001f68ff13bd8]
Event: 3.118 Thread 0x000001f69bb71800 1564       3       java.util.StringJoiner::setEmptyValue (20 bytes)
Event: 3.119 Thread 0x000001f69bb71800 nmethod 1564 0x000001f688c5cd90 code [0x000001f688c5cf60, 0x000001f688c5d3f8]
Event: 3.119 Thread 0x000001f69bb71800 1568       3       groovyjarjarasm.asm.ByteVector::b (64 bytes)
Event: 3.120 Thread 0x000001f69bb71800 nmethod 1568 0x000001f688c5d590 code [0x000001f688c5d740, 0x000001f688c5d968]
Event: 3.120 Thread 0x000001f69bb71800 1569       3       groovyjarjarasm.asm.ClassWriter::newUTF8 (70 bytes)
Event: 3.120 Thread 0x000001f69bb71800 nmethod 1569 0x000001f688c5db10 code [0x000001f688c5dd20, 0x000001f688c5e098]

GC Heap History (4 events):
Event: 1.893 GC heap before
{Heap before GC invocations=0 (full 0):
 garbage-first heap   total 63488K, used 13312K [0x00000000c2e00000, 0x0000000100000000)
  region size 1024K, 14 young (14336K), 0 survivors (0K)
 Metaspace       used 12716K, capacity 12901K, committed 13184K, reserved 1060864K
  class space    used 1243K, capacity 1321K, committed 1408K, reserved 1048576K
}
Event: 1.904 GC heap after
{Heap after GC invocations=1 (full 0):
 garbage-first heap   total 63488K, used 3822K [0x00000000c2e00000, 0x0000000100000000)
  region size 1024K, 2 young (2048K), 2 survivors (2048K)
 Metaspace       used 12716K, capacity 12901K, committed 13184K, reserved 1060864K
  class space    used 1243K, capacity 1321K, committed 1408K, reserved 1048576K
}
Event: 2.471 GC heap before
{Heap before GC invocations=1 (full 0):
 garbage-first heap   total 63488K, used 13038K [0x00000000c2e00000, 0x0000000100000000)
  region size 1024K, 11 young (11264K), 2 survivors (2048K)
 Metaspace       used 15922K, capacity 16206K, committed 16384K, reserved 1064960K
  class space    used 1580K, capacity 1680K, committed 1792K, reserved 1048576K
}
Event: 2.481 GC heap after
{Heap after GC invocations=2 (full 0):
 garbage-first heap   total 63488K, used 5338K [0x00000000c2e00000, 0x0000000100000000)
  region size 1024K, 2 young (2048K), 2 survivors (2048K)
 Metaspace       used 15922K, capacity 16206K, committed 16384K, reserved 1064960K
  class space    used 1580K, capacity 1680K, committed 1792K, reserved 1048576K
}

Deoptimization events (10 events):
Event: 1.099 Thread 0x000001f6ffcd0000 Uncommon trap: reason=bimorphic_or_optimized_type_check action=maybe_recompile pc=0x000001f68fea9e94 method=java.util.AbstractCollection.isEmpty()Z @ 1 c2
Event: 1.242 Thread 0x000001f6ffcd0000 Uncommon trap: reason=unstable_if action=reinterpret pc=0x000001f68febaf00 method=java.io.WinNTFileSystem.isSlash(C)Z @ 9 c2
Event: 1.298 Thread 0x000001f6ffcd0000 Uncommon trap: reason=unstable_if action=reinterpret pc=0x000001f68febe264 method=java.lang.String.startsWith(Ljava/lang/String;I)Z @ 1 c2
Event: 1.602 Thread 0x000001f6ffcd0000 Uncommon trap: reason=bimorphic_or_optimized_type_check action=maybe_recompile pc=0x000001f68fec4e9c method=java.util.HashMap.getNode(ILjava/lang/Object;)Ljava/util/HashMap$Node; @ 126 c2
Event: 1.602 Thread 0x000001f6ffcd0000 Uncommon trap: reason=bimorphic_or_optimized_type_check action=maybe_recompile pc=0x000001f68fec4e9c method=java.util.HashMap.getNode(ILjava/lang/Object;)Ljava/util/HashMap$Node; @ 126 c2
Event: 1.602 Thread 0x000001f6ffcd0000 Uncommon trap: reason=bimorphic_or_optimized_type_check action=maybe_recompile pc=0x000001f68fec4e9c method=java.util.HashMap.getNode(ILjava/lang/Object;)Ljava/util/HashMap$Node; @ 126 c2
Event: 2.076 Thread 0x000001f6ffcd0000 Uncommon trap: reason=bimorphic_or_optimized_type_check action=maybe_recompile pc=0x000001f68fec4e9c method=java.util.HashMap.getNode(ILjava/lang/Object;)Ljava/util/HashMap$Node; @ 126 c2
Event: 2.488 Thread 0x000001f6ffcd0000 Uncommon trap: reason=class_check action=maybe_recompile pc=0x000001f68fecaeb0 method=java.util.HashMap.putVal(ILjava/lang/Object;Ljava/lang/Object;ZZ)Ljava/lang/Object; @ 203 c2
Event: 2.488 Thread 0x000001f6ffcd0000 Uncommon trap: reason=class_check action=maybe_recompile pc=0x000001f68fecaeb0 method=java.util.HashMap.putVal(ILjava/lang/Object;Ljava/lang/Object;ZZ)Ljava/lang/Object; @ 203 c2
Event: 2.938 Thread 0x000001f6ffcd0000 Uncommon trap: reason=bimorphic_or_optimized_type_check action=maybe_recompile pc=0x000001f68ff03a0c method=java.util.HashMap.putVal(ILjava/lang/Object;Ljava/lang/Object;ZZ)Ljava/lang/Object; @ 91 c2

Classes redefined (0 events):
No events

Internal exceptions (10 events):
Event: 3.053 Thread 0x000001f6ffcd0000 Exception <a 'java/lang/ClassNotFoundException'{0x00000000c5f1a528}: io/restassured/RestAssuredBeanInfo> (0x00000000c5f1a528) thrown at [./open/src/hotspot/share/classfile/systemDictionary.cpp, line 228]
Event: 3.054 Thread 0x000001f6ffcd0000 Exception <a 'java/lang/ClassNotFoundException'{0x00000000c5f20a68}: io/restassured/RestAssuredCustomizer> (0x00000000c5f20a68) thrown at [./open/src/hotspot/share/classfile/systemDictionary.cpp, line 228]
Event: 3.068 Thread 0x000001f6ffcd0000 Exception <a 'java/lang/ClassNotFoundException'{0x00000000c5f95040}: io/restassured/assertion/BodyMatcherGroupBeanInfo> (0x00000000c5f95040) thrown at [./open/src/hotspot/share/classfile/systemDictionary.cpp, line 228]
Event: 3.068 Thread 0x000001f6ffcd0000 Exception <a 'java/lang/ClassNotFoundException'{0x00000000c5f9bb48}: io/restassured/assertion/BodyMatcherGroupCustomizer> (0x00000000c5f9bb48) thrown at [./open/src/hotspot/share/classfile/systemDictionary.cpp, line 228]
Event: 3.078 Thread 0x000001f6ffcd0000 Exception <a 'java/lang/ClassNotFoundException'{0x00000000c5fcb108}: io/restassured/internal/ResponseSpecificationImpl$HamcrestAssertionClosureBeanInfo> (0x00000000c5fcb108) thrown at [./open/src/hotspot/share/classfile/systemDictionary.cpp, line 228]
Event: 3.079 Thread 0x000001f6ffcd0000 Exception <a 'java/lang/ClassNotFoundException'{0x00000000c5fd3778}: io/restassured/internal/ResponseSpecificationImpl$HamcrestAssertionClosureCustomizer> (0x00000000c5fd3778) thrown at [./open/src/hotspot/share/classfile/systemDictionary.cpp, line 228]
Event: 3.093 Thread 0x000001f6ffcd0000 Exception <a 'java/lang/ClassNotFoundException'{0x00000000c5e6c698}: io/restassured/internal/ResponseSpecificationImplBeanInfo> (0x00000000c5e6c698) thrown at [./open/src/hotspot/share/classfile/systemDictionary.cpp, line 228]
Event: 3.094 Thread 0x000001f6ffcd0000 Exception <a 'java/lang/ClassNotFoundException'{0x00000000c5e73880}: io/restassured/internal/ResponseSpecificationImplCustomizer> (0x00000000c5e73880) thrown at [./open/src/hotspot/share/classfile/systemDictionary.cpp, line 228]
Event: 3.106 Thread 0x000001f6ffcd0000 Exception <a 'java/lang/ClassNotFoundException'{0x00000000c5ec3798}: org/apache/commons/lang3/ValidateBeanInfo> (0x00000000c5ec3798) thrown at [./open/src/hotspot/share/classfile/systemDictionary.cpp, line 228]
Event: 3.107 Thread 0x000001f6ffcd0000 Exception <a 'java/lang/ClassNotFoundException'{0x00000000c5ec9bc8}: org/apache/commons/lang3/ValidateCustomizer> (0x00000000c5ec9bc8) thrown at [./open/src/hotspot/share/classfile/systemDictionary.cpp, line 228]

Events (10 events):
Event: 3.107 loading class org/apache/commons/lang3/ValidateCustomizer
Event: 3.107 loading class org/apache/commons/lang3/ValidateCustomizer done
Event: 3.114 loading class org/codehaus/groovy/runtime/callsite/PogoMetaMethodSite
Event: 3.114 loading class org/codehaus/groovy/runtime/callsite/PogoMetaMethodSite done
Event: 3.117 loading class org/codehaus/groovy/runtime/callsite/PogoMetaMethodSite$PogoCachedMethodSiteNoUnwrapNoCoerce
Event: 3.117 loading class org/codehaus/groovy/runtime/callsite/PogoMetaMethodSite$PogoCachedMethodSiteNoUnwrapNoCoerce done
Event: 3.118 loading class org/codehaus/groovy/runtime/callsite/PogoMetaMethodSite$PogoCachedMethodSite
Event: 3.118 loading class org/codehaus/groovy/runtime/callsite/PogoMetaMethodSite$PogoCachedMethodSite done
Event: 3.120 loading class groovy/runtime/metaclass/io/restassured/internal/TestSpecificationImplMetaClass
Event: 3.120 loading class groovy/runtime/metaclass/io/restassured/internal/TestSpecificationImplMetaClass done


Dynamic libraries:
0x00007ff6d92e0000 - 0x00007ff6d92ef000 	C:\Program Files\Java\jdk-11.0.12\bin\java.exe
0x00007fff985e0000 - 0x00007fff987d0000 	C:\windows\SYSTEM32\ntdll.dll
0x00007fff98440000 - 0x00007fff984f2000 	C:\windows\System32\KERNEL32.DLL
0x00007fff960b0000 - 0x00007fff96355000 	C:\windows\System32\KERNELBASE.dll
0x00007fff96590000 - 0x00007fff9668a000 	C:\windows\System32\ucrtbase.dll
0x00007fff8cf60000 - 0x00007fff8cf78000 	C:\Program Files\Java\jdk-11.0.12\bin\jli.dll
0x00007fff97af0000 - 0x00007fff97b93000 	C:\windows\System32\ADVAPI32.dll
0x00007fff97d50000 - 0x00007fff97dee000 	C:\windows\System32\msvcrt.dll
0x00007fff98500000 - 0x00007fff98597000 	C:\windows\System32\sechost.dll
0x00007fff977f0000 - 0x00007fff9790f000 	C:\windows\System32\RPCRT4.dll
0x00007fff96690000 - 0x00007fff96824000 	C:\windows\System32\USER32.dll
0x00007fff95640000 - 0x00007fff95661000 	C:\windows\System32\win32u.dll
0x00007fff98410000 - 0x00007fff98436000 	C:\windows\System32\GDI32.dll
0x00007fff956c0000 - 0x00007fff95858000 	C:\windows\System32\gdi32full.dll
0x00007fff96010000 - 0x00007fff960ae000 	C:\windows\System32\msvcp_win.dll
0x00007fff7f6d0000 - 0x00007fff7f954000 	C:\windows\WinSxS\amd64_microsoft.windows.common-controls_6595b64144ccf1df_6.0.18362.1556_none_9e7e372fe45e41d5\COMCTL32.dll
0x00007fff96830000 - 0x00007fff96b66000 	C:\windows\System32\combase.dll
0x00007fff95550000 - 0x00007fff955d1000 	C:\windows\System32\bcryptPrimitives.dll
0x00007fff8c390000 - 0x00007fff8c39a000 	C:\windows\SYSTEM32\VERSION.dll
0x00007fff8ce50000 - 0x00007fff8ce65000 	C:\Program Files\Java\jdk-11.0.12\bin\VCRUNTIME140.dll
0x00007fff98310000 - 0x00007fff9833e000 	C:\windows\System32\IMM32.DLL
0x00007fff69130000 - 0x00007fff691cb000 	C:\Program Files\Java\jdk-11.0.12\bin\msvcp140.dll
0x00007fff1b950000 - 0x00007fff1c44f000 	C:\Program Files\Java\jdk-11.0.12\bin\server\jvm.dll
0x00007fff974c0000 - 0x00007fff974c8000 	C:\windows\System32\PSAPI.DLL
0x00007fff763f0000 - 0x00007fff763f9000 	C:\windows\SYSTEM32\WSOCK32.dll
0x00007fff97a00000 - 0x00007fff97a6f000 	C:\windows\System32\WS2_32.dll
0x00007fff92be0000 - 0x00007fff92c04000 	C:\windows\SYSTEM32\WINMM.dll
0x00007fff92b80000 - 0x00007fff92bad000 	C:\windows\SYSTEM32\WINMMBASE.dll
0x00007fff95670000 - 0x00007fff956ba000 	C:\windows\System32\cfgmgr32.dll
0x00007fff95530000 - 0x00007fff95541000 	C:\windows\System32\kernel.appcore.dll
0x00007fff90850000 - 0x00007fff90860000 	C:\Program Files\Java\jdk-11.0.12\bin\verify.dll
0x00007fff93d30000 - 0x00007fff93f24000 	C:\windows\SYSTEM32\DBGHELP.DLL
0x00007fff795d0000 - 0x00007fff795fa000 	C:\windows\SYSTEM32\dbgcore.DLL
0x00007fff7d160000 - 0x00007fff7d188000 	C:\Program Files\Java\jdk-11.0.12\bin\java.dll
0x00007fff8cf10000 - 0x00007fff8cf1a000 	C:\Program Files\Java\jdk-11.0.12\bin\jimage.dll
0x00007fff7fb70000 - 0x00007fff7fb7e000 	C:\Program Files\Java\jdk-11.0.12\bin\instrument.dll
0x00007fff7d280000 - 0x00007fff7d296000 	C:\Program Files\Java\jdk-11.0.12\bin\zip.dll
0x00007fff96b70000 - 0x00007fff97257000 	C:\windows\System32\SHELL32.dll
0x00007fff97df0000 - 0x00007fff97e98000 	C:\windows\System32\shcore.dll
0x00007fff95890000 - 0x00007fff9600b000 	C:\windows\System32\windows.storage.dll
0x00007fff954f0000 - 0x00007fff9550e000 	C:\windows\System32\profapi.dll
0x00007fff954a0000 - 0x00007fff954ea000 	C:\windows\System32\powrprof.dll
0x00007fff95490000 - 0x00007fff954a0000 	C:\windows\System32\UMPDC.dll
0x00007fff97910000 - 0x00007fff97962000 	C:\windows\System32\shlwapi.dll
0x00007fff96410000 - 0x00007fff96427000 	C:\windows\System32\cryptsp.dll
0x00007fff7d140000 - 0x00007fff7d159000 	C:\Program Files\Java\jdk-11.0.12\bin\net.dll
0x00007fff824c0000 - 0x00007fff825ba000 	C:\windows\SYSTEM32\WINHTTP.dll
0x00007fff94c20000 - 0x00007fff94c87000 	C:\windows\system32\mswsock.dll
0x00007fff7d120000 - 0x00007fff7d132000 	C:\Program Files\Java\jdk-11.0.12\bin\nio.dll
0x00007fff7cc40000 - 0x00007fff7cc5a000 	C:\Users\Christy\Downloads\intellijidea2\IntelliJ IDEA Community Edition 2021.2.2\bin\breakgen64.dll
0x00007fff947b0000 - 0x00007fff947e3000 	C:\windows\system32\rsaenh.dll
0x00007fff95860000 - 0x00007fff95886000 	C:\windows\System32\bcrypt.dll
0x00007fff95380000 - 0x00007fff953a5000 	C:\windows\SYSTEM32\USERENV.dll
0x00007fff94da0000 - 0x00007fff94dac000 	C:\windows\SYSTEM32\CRYPTBASE.dll
0x00007fff94940000 - 0x00007fff9497a000 	C:\windows\SYSTEM32\IPHLPAPI.DLL
0x00007fff97330000 - 0x00007fff97338000 	C:\windows\System32\NSI.dll
0x00007fff92e30000 - 0x00007fff92e46000 	C:\windows\SYSTEM32\dhcpcsvc6.DLL
0x00007fff92c10000 - 0x00007fff92c2c000 	C:\windows\SYSTEM32\dhcpcsvc.DLL
0x00007fff94980000 - 0x00007fff94a4b000 	C:\windows\SYSTEM32\DNSAPI.dll

dbghelp: loaded successfully - version: 4.0.5 - missing functions: none
symbol engine: initialized successfully - sym options: 0x614 - pdb path: .;C:\Program Files\Java\jdk-11.0.12\bin;C:\windows\SYSTEM32;C:\windows\WinSxS\amd64_microsoft.windows.common-controls_6595b64144ccf1df_6.0.18362.1556_none_9e7e372fe45e41d5;C:\Program Files\Java\jdk-11.0.12\bin\server;C:\Users\Christy\Downloads\intellijidea2\IntelliJ IDEA Community Edition 2021.2.2\bin

VM Arguments:
jvm_args: -ea -Didea.test.cyclic.buffer.size=1048576 -javaagent:C:\Users\Christy\Downloads\intellijidea2\IntelliJ IDEA Community Edition 2021.2.2\lib\idea_rt.jar=58313:C:\Users\Christy\Downloads\intellijidea2\IntelliJ IDEA Community Edition 2021.2.2\bin -Dfile.encoding=UTF-8 
java_command: com.intellij.rt.testng.RemoteTestNGStarter -usedefaultlisteners false -socket58312 @w@C:\Users\Christy\AppData\Local\Temp\idea_working_dirs_testng.tmp -temp C:\Users\Christy\AppData\Local\Temp\idea_testng.tmp
java_class_path (initial): C:\Users\Christy\Downloads\intellijidea2\IntelliJ IDEA Community Edition 2021.2.2\lib\idea_rt.jar;C:\Users\Christy\Downloads\intellijidea2\IntelliJ IDEA Community Edition 2021.2.2\plugins\testng\lib\testng-rt.jar;C:\FolderRestAssured\target\test-classes;C:\FolderRestAssured\target\classes;C:\Users\Christy\.m2\repository\junit\junit\4.12\junit-4.12.jar;C:\Users\Christy\.m2\repository\org\hamcrest\hamcrest-core\1.3\hamcrest-core-1.3.jar;C:\Users\Christy\.m2\repository\io\rest-assured\rest-assured\3.1.0\rest-assured-3.1.0.jar;C:\Users\Christy\.m2\repository\org\codehaus\groovy\groovy\2.4.12\groovy-2.4.12.jar;C:\Users\Christy\.m2\repository\org\codehaus\groovy\groovy-xml\2.4.12\groovy-xml-2.4.12.jar;C:\Users\Christy\.m2\repository\org\apache\httpcomponents\httpclient\4.5.3\httpclient-4.5.3.jar;C:\Users\Christy\.m2\repository\org\apache\httpcomponents\httpcore\4.4.6\httpcore-4.4.6.jar;C:\Users\Christy\.m2\repository\commons-logging\commons-logging\1.2\commons-logging-1.2.jar;C:\Users\Christy\.m2\repository\commons-codec\commons-codec\1.9\commons-codec-1.9.jar;C:\Users\Christy\.m2\repository\org\apache\httpcomponents\httpmime\4.5.1\httpmime-4.5.1.jar;C:\Users\Christy\.m2\repository\org\hamcrest\hamcrest-library\1.3\hamcrest-library-1.3.jar;C:\Users\Christy\.m2\repository\org\ccil\cowan\tagsoup\tagsoup\1.2.1\tagsoup-1.2.1.jar;C:\Users\Christy\.m2\repository\io\rest-assured\json-path\3.0.3\json-path-3.0.3.jar;C:\Users\Christy\.m2\repository\org\codehaus\groovy\groovy-json\2.4.9\groovy-json-2.4.9.jar;C:\Users\Christy\.m2\repository\io\rest-assured\rest-assured-common\3.0.3\rest-assured-common-3.0.3.jar;C:\Users\Christy\.m2\repository\io\rest-assured\xml-path\3.0.7\xml-path-3.0.7.jar;C:\Users\Christy\.m2\repository\org\apache\commons\commons-lang3\3.4\commons-lang3-3.4.jar;C:\Users\Christy\.m2\repository\javax\xml\bind\jaxb-api\2.2.12\jaxb-api-2.2.12.jar;C:\Users\Christy\.m2\repository\org\testng\testng\6.14.3\testng-6.14.3.jar;C:\Users\Christy\.m
Launcher Type: SUN_STANDARD

[Global flags]
     intx CICompilerCount                          = 3                                         {product} {ergonomic}
     uint ConcGCThreads                            = 1                                         {product} {ergonomic}
     uint G1ConcRefinementThreads                  = 4                                         {product} {ergonomic}
   size_t G1HeapRegionSize                         = 1048576                                   {product} {ergonomic}
    uintx GCDrainStackTargetSize                   = 64                                        {product} {ergonomic}
   size_t InitialHeapSize                          = 65011712                                  {product} {ergonomic}
   size_t MarkStackSize                            = 4194304                                   {product} {ergonomic}
   size_t MaxHeapSize                              = 1025507328                                {product} {ergonomic}
   size_t MaxNewSize                               = 614465536                                 {product} {ergonomic}
   size_t MinHeapDeltaBytes                        = 1048576                                   {product} {ergonomic}
    uintx NonNMethodCodeHeapSize                   = 5830732                                {pd product} {ergonomic}
    uintx NonProfiledCodeHeapSize                  = 122913754                              {pd product} {ergonomic}
    uintx ProfiledCodeHeapSize                     = 122913754                              {pd product} {ergonomic}
    uintx ReservedCodeCacheSize                    = 251658240                              {pd product} {ergonomic}
     bool SegmentedCodeCache                       = true                                      {product} {ergonomic}
     bool UseCompressedClassPointers               = true                                 {lp64_product} {ergonomic}
     bool UseCompressedOops                        = true                                 {lp64_product} {ergonomic}
     bool UseG1GC                                  = true                                      {product} {ergonomic}
     bool UseLargePagesIndividualAllocation        = false                                  {pd product} {ergonomic}

Logging:
Log output configuration:
 #0: stdout all=warning uptime,level,tags
 #1: stderr all=off uptime,level,tags

Environment Variables:
JAVA_HOME=C:\Program Files\Java\jdk-11.0.9
PATH=C:\Program Files\Common Files\Oracle\Java\javapath;C:\Program Files\Microsoft SQL Server\130\Tools\Binn\;C:\Program Files\Java\jdk-11.0.9\bin;C:\Program Files\dotnet\;C:\Program Files\Microsoft SQL Server\Client SDK\ODBC\170\Tools\Binn\;C:\Program Files\Git\cmd;C:\Maven\apache-maven-3.8.1\bin;C:\Program Files (x86)\Pulse Secure\VC142.CRT\X64\;C:\Program Files (x86)\Pulse Secure\VC142.CRT\X86\;C:\Program Files\nodejs\;C:\Program Files (x86)\dotnet\;C:\Program Files\Java\jdk-11.0.12\bin;C:\Program Files\Amazon\AWSCLIV2\;C:\Users\Christy\AppData\Local\Microsoft\WindowsApps;C:\Program Files\Java\jdk-11.0.9\bin;C:\Users\Christy\.dotnet\tools;C:\Users\Christy\AppData\Local\atom\bin;C:\Users\Christy\AppData\Local\Programs\Microsoft VS Code\bin;C:\Users\Christy\AppData\Roaming\npm
USERNAME=Olufemi Adekomaya
OS=Windows_NT
PROCESSOR_IDENTIFIER=Intel64 Family 6 Model 142 Stepping 12, GenuineIntel



---------------  S Y S T E M  ---------------

OS: Windows 10 , 64 bit Build 18362 (10.0.18362.1500)
Hyper-V role detected

CPU:total 4 (initial active 4) (2 cores per cpu, 2 threads per core) family 6 model 142 stepping 12 microcode 0xea, cmov, cx8, fxsr, mmx, sse, sse2, sse3, ssse3, sse4.1, sse4.2, popcnt, aes, clmul, erms, 3dnowpref, lzcnt, ht, tsc, tscinvbit

Memory: 4k page, system-wide physical 3907M (711M free)
TotalPageFile size 8975M (AvailPageFile size 1M)
current process WorkingSet (physical memory assigned to process): 89M, peak: 89M
current process commit charge ("private bytes"): 161M, peak: 161M

vm_info: Java HotSpot(TM) 64-Bit Server VM (11.0.12+8-LTS-237) for windows-amd64 JRE (11.0.12+8-LTS-237), built on Jun  8 2021 11:25:59 by "mach5one" with MS VC++ 15.9 (VS2017)

END.
